[1/130] Generating CXX dyndep file CMakeFiles/gaussian_splatting_cuda.dir/CXX.dd
[2/130] Building CXX object CMakeFiles/gaussian_host.dir/src/geometry/euclidean_transform.cpp.o
[3/130] Building CXX object CMakeFiles/gaussian_host.dir/src/geometry/bounding_box.cpp.o
[4/130] Scanning /home/shadygm/projects/gaussian-splatting-cuda/gsplat/Relocation.cpp for CXX dependencies
[5/130] Scanning /home/shadygm/projects/gaussian-splatting-cuda/gsplat/Rasterization.cpp for CXX dependencies
[6/130] Scanning /home/shadygm/projects/gaussian-splatting-cuda/gsplat/SphericalHarmonics.cpp for CXX dependencies
[7/130] Building CUDA object gsplat/CMakeFiles/gsplat_backend.dir/NullCUDA.cu.o
[8/130] Building CUDA object gsplat/CMakeFiles/gsplat_backend.dir/AdamCUDA.cu.o
[9/130] Building CXX object CMakeFiles/gaussian_host.dir/src/selective_adam.cpp.o
[10/130] Building CUDA object gsplat/CMakeFiles/gsplat_backend.dir/ProjectionEWA3DGSFused.cu.o
[11/130] Building CXX object CMakeFiles/gaussian_host.dir/src/fused_adam.cpp.o
[12/130] Building CXX object CMakeFiles/gaussian_host.dir/src/bilateral_grid.cpp.o
In file included from /usr/include/c++/14/bits/hashtable_policy.h:36,
                 from /usr/include/c++/14/bits/hashtable.h:35,
                 from /usr/include/c++/14/bits/unordered_map.h:33,
                 from /usr/include/c++/14/unordered_map:41,
                 from /usr/include/c++/14/functional:63,
                 from /home/shadygm/projects/gaussian-splatting-cuda/external/libtorch/include/c10/core/DeviceType.h:12,
                 from /home/shadygm/projects/gaussian-splatting-cuda/external/libtorch/include/c10/core/Device.h:3,
                 from /home/shadygm/projects/gaussian-splatting-cuda/external/libtorch/include/ATen/core/TensorBody.h:11,
                 from /home/shadygm/projects/gaussian-splatting-cuda/external/libtorch/include/ATen/core/Tensor.h:3,
                 from /home/shadygm/projects/gaussian-splatting-cuda/external/libtorch/include/ATen/Tensor.h:3,
                 from /home/shadygm/projects/gaussian-splatting-cuda/external/libtorch/include/torch/csrc/autograd/function_hook.h:3,
                 from /home/shadygm/projects/gaussian-splatting-cuda/external/libtorch/include/torch/csrc/autograd/cpp_hook.h:2,
                 from /home/shadygm/projects/gaussian-splatting-cuda/external/libtorch/include/torch/csrc/autograd/variable.h:6,
                 from /home/shadygm/projects/gaussian-splatting-cuda/external/libtorch/include/torch/csrc/autograd/autograd.h:3,
                 from /home/shadygm/projects/gaussian-splatting-cuda/external/libtorch/include/torch/csrc/api/include/torch/autograd.h:3,
                 from /home/shadygm/projects/gaussian-splatting-cuda/external/libtorch/include/torch/csrc/api/include/torch/all.h:7,
                 from /home/shadygm/projects/gaussian-splatting-cuda/external/libtorch/include/torch/csrc/api/include/torch/torch.h:3,
                 from /home/shadygm/projects/gaussian-splatting-cuda/include/core/torch_shapes.hpp:3,
                 from /home/shadygm/projects/gaussian-splatting-cuda/include/core/bilateral_grid.hpp:2,
                 from /home/shadygm/projects/gaussian-splatting-cuda/src/bilateral_grid.cpp:1:
In static member function 'static constexpr _Up* std::__copy_move<_IsMove, true, std::random_access_iterator_tag>::__copy_m(_Tp*, _Tp*, _Up*) [with _Tp = long unsigned int; _Up = long unsigned int; bool _IsMove = false]',
    inlined from 'constexpr _OI std::__copy_move_a2(_II, _II, _OI) [with bool _IsMove = false; _II = long unsigned int*; _OI = long unsigned int*]' at /usr/include/c++/14/bits/stl_algobase.h:521:30,
    inlined from 'constexpr _OI std::__copy_move_a1(_II, _II, _OI) [with bool _IsMove = false; _II = long unsigned int*; _OI = long unsigned int*]' at /usr/include/c++/14/bits/stl_algobase.h:548:42,
    inlined from 'constexpr _OI std::__copy_move_a(_II, _II, _OI) [with bool _IsMove = false; _II = long unsigned int*; _OI = long unsigned int*]' at /usr/include/c++/14/bits/stl_algobase.h:555:31,
    inlined from 'constexpr _OI std::copy(_II, _II, _OI) [with _II = long unsigned int*; _OI = long unsigned int*]' at /usr/include/c++/14/bits/stl_algobase.h:651:7,
    inlined from 'constexpr std::vector<bool, _Alloc>::iterator std::vector<bool, _Alloc>::_M_copy_aligned(const_iterator, const_iterator, iterator) [with _Alloc = std::allocator<bool>]' at /usr/include/c++/14/bits/stl_bvector.h:1342:28,
    inlined from 'constexpr void std::vector<bool, _Alloc>::_M_reallocate(size_type) [with _Alloc = std::allocator<bool>]' at /usr/include/c++/14/bits/vector.tcc:1059:40,
    inlined from 'constexpr void std::vector<bool, _Alloc>::reserve(size_type) [with _Alloc = std::allocator<bool>]' at /usr/include/c++/14/bits/stl_bvector.h:1130:17,
    inlined from 'static std::enable_if_t<((bool)is_same_v<X, T>), decltype (X::forward(nullptr, (declval<Args>)()...))> torch::autograd::Function<T>::apply(Args&& ...) [with X = gs::BilateralGridSliceFunction; Args = {at::Tensor&, at::Tensor&}; T = gs::BilateralGridSliceFunction]' at /home/shadygm/projects/gaussian-splatting-cuda/external/libtorch/include/torch/csrc/autograd/custom_function.h:480:35:
/usr/include/c++/14/bits/stl_algobase.h:452:30: warning: 'void* __builtin_memmove(void*, const void*, long unsigned int)' writing between 9 and 9223372036854775807 bytes into a region of size 8 overflows the destination [-Wstringop-overflow=]
  452 |             __builtin_memmove(__result, __first, sizeof(_Tp) * _Num);
      |             ~~~~~~~~~~~~~~~~~^~~~~~~~~~~~~~~~~~~~~~~~~~~~~~~~~~~~~~~
In file included from /usr/include/x86_64-linux-gnu/c++/14/bits/c++allocator.h:33,
                 from /usr/include/c++/14/bits/allocator.h:46,
                 from /usr/include/c++/14/bits/alloc_traits.h:39,
                 from /usr/include/c++/14/ext/alloc_traits.h:34,
                 from /usr/include/c++/14/bits/hashtable_policy.h:39:
In member function '_Tp* std::__new_allocator<_Tp>::allocate(size_type, const void*) [with _Tp = long unsigned int]',
    inlined from 'constexpr _Tp* std::allocator< <template-parameter-1-1> >::allocate(std::size_t) [with _Tp = long unsigned int]' at /usr/include/c++/14/bits/allocator.h:196:40,
    inlined from 'static constexpr _Tp* std::allocator_traits<std::allocator<_Up> >::allocate(allocator_type&, size_type) [with _Tp = long unsigned int]' at /usr/include/c++/14/bits/alloc_traits.h:478:28,
    inlined from 'constexpr std::_Bvector_base<_Alloc>::_Bit_pointer std::_Bvector_base<_Alloc>::_M_allocate(std::size_t) [with _Alloc = std::allocator<bool>]' at /usr/include/c++/14/bits/stl_bvector.h:679:48,
    inlined from 'constexpr void std::vector<bool, _Alloc>::_M_reallocate(size_type) [with _Alloc = std::allocator<bool>]' at /usr/include/c++/14/bits/vector.tcc:1057:43,
    inlined from 'constexpr void std::vector<bool, _Alloc>::reserve(size_type) [with _Alloc = std::allocator<bool>]' at /usr/include/c++/14/bits/stl_bvector.h:1130:17,
    inlined from 'static std::enable_if_t<((bool)is_same_v<X, T>), decltype (X::forward(nullptr, (declval<Args>)()...))> torch::autograd::Function<T>::apply(Args&& ...) [with X = gs::BilateralGridSliceFunction; Args = {at::Tensor&, at::Tensor&}; T = gs::BilateralGridSliceFunction]' at /home/shadygm/projects/gaussian-splatting-cuda/external/libtorch/include/torch/csrc/autograd/custom_function.h:480:35:
/usr/include/c++/14/bits/new_allocator.h:151:55: note: destination object of size 8 allocated by 'operator new'
  151 |         return static_cast<_Tp*>(_GLIBCXX_OPERATOR_NEW(__n * sizeof(_Tp)));
      |                                                       ^
In static member function 'static constexpr _Up* std::__copy_move<_IsMove, true, std::random_access_iterator_tag>::__copy_m(_Tp*, _Tp*, _Up*) [with _Tp = long unsigned int; _Up = long unsigned int; bool _IsMove = false]',
    inlined from 'constexpr _OI std::__copy_move_a2(_II, _II, _OI) [with bool _IsMove = false; _II = long unsigned int*; _OI = long unsigned int*]' at /usr/include/c++/14/bits/stl_algobase.h:521:30,
    inlined from 'constexpr _OI std::__copy_move_a1(_II, _II, _OI) [with bool _IsMove = false; _II = long unsigned int*; _OI = long unsigned int*]' at /usr/include/c++/14/bits/stl_algobase.h:548:42,
    inlined from 'constexpr _OI std::__copy_move_a(_II, _II, _OI) [with bool _IsMove = false; _II = long unsigned int*; _OI = long unsigned int*]' at /usr/include/c++/14/bits/stl_algobase.h:555:31,
    inlined from 'constexpr _OI std::copy(_II, _II, _OI) [with _II = long unsigned int*; _OI = long unsigned int*]' at /usr/include/c++/14/bits/stl_algobase.h:651:7,
    inlined from 'constexpr std::vector<bool, _Alloc>::iterator std::vector<bool, _Alloc>::_M_copy_aligned(const_iterator, const_iterator, iterator) [with _Alloc = std::allocator<bool>]' at /usr/include/c++/14/bits/stl_bvector.h:1342:28,
    inlined from 'constexpr void std::vector<bool, _Alloc>::_M_reallocate(size_type) [with _Alloc = std::allocator<bool>]' at /usr/include/c++/14/bits/vector.tcc:1059:40,
    inlined from 'constexpr void std::vector<bool, _Alloc>::reserve(size_type) [with _Alloc = std::allocator<bool>]' at /usr/include/c++/14/bits/stl_bvector.h:1130:17,
    inlined from 'static std::enable_if_t<((bool)is_same_v<X, T>), decltype (X::forward(nullptr, (declval<Args>)()...))> torch::autograd::Function<T>::apply(Args&& ...) [with X = gs::BilateralGridTVLossFunction; Args = {const at::Tensor&}; T = gs::BilateralGridTVLossFunction]' at /home/shadygm/projects/gaussian-splatting-cuda/external/libtorch/include/torch/csrc/autograd/custom_function.h:480:35:
/usr/include/c++/14/bits/stl_algobase.h:452:30: warning: 'void* __builtin_memmove(void*, const void*, long unsigned int)' writing between 9 and 9223372036854775807 bytes into a region of size 8 overflows the destination [-Wstringop-overflow=]
  452 |             __builtin_memmove(__result, __first, sizeof(_Tp) * _Num);
      |             ~~~~~~~~~~~~~~~~~^~~~~~~~~~~~~~~~~~~~~~~~~~~~~~~~~~~~~~~
In member function '_Tp* std::__new_allocator<_Tp>::allocate(size_type, const void*) [with _Tp = long unsigned int]',
    inlined from 'constexpr _Tp* std::allocator< <template-parameter-1-1> >::allocate(std::size_t) [with _Tp = long unsigned int]' at /usr/include/c++/14/bits/allocator.h:196:40,
    inlined from 'static constexpr _Tp* std::allocator_traits<std::allocator<_Up> >::allocate(allocator_type&, size_type) [with _Tp = long unsigned int]' at /usr/include/c++/14/bits/alloc_traits.h:478:28,
    inlined from 'constexpr std::_Bvector_base<_Alloc>::_Bit_pointer std::_Bvector_base<_Alloc>::_M_allocate(std::size_t) [with _Alloc = std::allocator<bool>]' at /usr/include/c++/14/bits/stl_bvector.h:679:48,
    inlined from 'constexpr void std::vector<bool, _Alloc>::_M_reallocate(size_type) [with _Alloc = std::allocator<bool>]' at /usr/include/c++/14/bits/vector.tcc:1057:43,
    inlined from 'constexpr void std::vector<bool, _Alloc>::reserve(size_type) [with _Alloc = std::allocator<bool>]' at /usr/include/c++/14/bits/stl_bvector.h:1130:17,
    inlined from 'static std::enable_if_t<((bool)is_same_v<X, T>), decltype (X::forward(nullptr, (declval<Args>)()...))> torch::autograd::Function<T>::apply(Args&& ...) [with X = gs::BilateralGridTVLossFunction; Args = {const at::Tensor&}; T = gs::BilateralGridTVLossFunction]' at /home/shadygm/projects/gaussian-splatting-cuda/external/libtorch/include/torch/csrc/autograd/custom_function.h:480:35:
/usr/include/c++/14/bits/new_allocator.h:151:55: note: destination object of size 8 allocated by 'operator new'
  151 |         return static_cast<_Tp*>(_GLIBCXX_OPERATOR_NEW(__n * sizeof(_Tp)));
      |                                                       ^
[13/130] Building CUDA object gsplat/CMakeFiles/gsplat_backend.dir/IntersectTile.cu.o
[14/130] Building CXX object CMakeFiles/gaussian_host.dir/src/training_setup.cpp.o
[15/130] Building CXX object CMakeFiles/gaussian_splatting_cuda.dir/src/main.cpp.o
[16/130] Building CUDA object gsplat/CMakeFiles/gsplat_backend.dir/ProjectionEWASimple.cu.o
[17/130] Building CUDA object gsplat/CMakeFiles/gsplat_backend.dir/ProjectionEWA3DGSPacked.cu.o
[18/130] Building CUDA object gsplat/CMakeFiles/gsplat_backend.dir/QuatScaleToCovarCUDA.cu.o
[19/130] Building CUDA object gsplat/CMakeFiles/gsplat_backend.dir/RasterizeToIndices3DGS.cu.o
[20/130] Generating CXX dyndep file gsplat/CMakeFiles/gsplat_backend.dir/CXX.dd
[21/130] Building CUDA object gsplat/CMakeFiles/gsplat_backend.dir/QuatToRotmatCUDA.cu.o
[22/130] Building CUDA object gsplat/CMakeFiles/gsplat_backend.dir/RelocationCUDA.cu.o
[23/130] Building CUDA object gsplat/CMakeFiles/gsplat_backend.dir/ProjectionUT3DGSFused.cu.o
[24/130] Building CXX object gsplat/CMakeFiles/gsplat_backend.dir/Adam.cpp.o
[25/130] Building CXX object gsplat/CMakeFiles/gsplat_backend.dir/Intersect.cpp.o
[26/130] Building CUDA object gsplat/CMakeFiles/gsplat_backend.dir/SphericalHarmonicsCUDA.cu.o
[27/130] Building CXX object gsplat/CMakeFiles/gsplat_backend.dir/Null.cpp.o
[28/130] Building CUDA object CMakeFiles/gaussian_kernels.dir/kernels/bilateral_grid_backward.cu.o
ptxas info    : 11 bytes gmem, 12 bytes cmem[3]
ptxas info    : Compiling entry function '_ZN2gs14bilateral_grid21slice_backward_kernelEPKfS2_S2_PfS3_iiiii' for 'sm_86'
ptxas info    : Function properties for _ZN2gs14bilateral_grid21slice_backward_kernelEPKfS2_S2_PfS3_iiiii
    0 bytes stack frame, 0 bytes spill stores, 0 bytes spill loads
ptxas info    : Used 122 registers, used 0 barriers, 412 bytes cmem[0]
ptxas info    : Compile time = 44.487 ms
[29/130] Linking CXX static library CMakeFiles/gaussian_kernels.dir/cmake_device_link.o
[30/130] Linking CXX static library libgaussian_kernels.a
[31/130] Building CXX object gsplat/CMakeFiles/gsplat_backend.dir/Projection.cpp.o
[32/130] Building CXX object gsplat/CMakeFiles/gsplat_backend.dir/QuatScaleToCovar.cpp.o
[33/130] Building CXX object gsplat/CMakeFiles/gsplat_backend.dir/QuatToRotmat.cpp.o
[34/130] Building CXX object gsplat/CMakeFiles/gsplat_backend.dir/Relocation.cpp.o
[35/130] Building CXX object gsplat/CMakeFiles/gsplat_backend.dir/SphericalHarmonics.cpp.o
[36/130] Building CUDA object gsplat/CMakeFiles/gsplat_backend.dir/RasterizeToPixels3DGSFwd.cu.o
[37/130] Scanning /home/shadygm/projects/gaussian-splatting-cuda/src/loader/loader.cpp for CXX dependencies
[38/130] Building CXX object gsplat/CMakeFiles/gsplat_backend.dir/Rasterization.cpp.o
[39/130] Scanning /home/shadygm/projects/gaussian-splatting-cuda/src/loader/loader_service.cpp for CXX dependencies
[40/130] Scanning /home/shadygm/projects/gaussian-splatting-cuda/src/loader/formats/ply.cpp for CXX dependencies
[41/130] Scanning /home/shadygm/projects/gaussian-splatting-cuda/src/loader/formats/colmap.cpp for CXX dependencies
[42/130] Scanning /home/shadygm/projects/gaussian-splatting-cuda/src/loader/formats/transforms.cpp for CXX dependencies
[43/130] Scanning /home/shadygm/projects/gaussian-splatting-cuda/src/loader/loaders/ply_loader.cpp for CXX dependencies
[44/130] Scanning /home/shadygm/projects/gaussian-splatting-cuda/src/loader/loaders/colmap_loader.cpp for CXX dependencies
[45/130] Building CUDA object fastgs/CMakeFiles/fastgs_backend.dir/optimizer/src/adam.cu.o
[46/130] Scanning /home/shadygm/projects/gaussian-splatting-cuda/src/loader/loaders/blender_loader.cpp for CXX dependencies
[47/130] Generating CXX dyndep file src/loader/CMakeFiles/gs_loader.dir/CXX.dd
[48/130] Scanning /home/shadygm/projects/gaussian-splatting-cuda/src/visualizer/visualizer.cpp for CXX dependencies
[49/130] Scanning /home/shadygm/projects/gaussian-splatting-cuda/src/visualizer/visualizer_impl.cpp for CXX dependencies
[50/130] Building CUDA object gsplat/CMakeFiles/gsplat_backend.dir/RasterizeToPixelsFromWorld3DGSFwd.cu.o
[51/130] Building CUDA object fastgs/CMakeFiles/fastgs_backend.dir/rasterization/src/backward.cu.o
[52/130] Building CXX object src/loader/CMakeFiles/gs_loader.dir/loader.cpp.o
[53/130] Building CXX object src/loader/CMakeFiles/gs_loader.dir/loader_service.cpp.o
[54/130] Building CXX object src/loader/CMakeFiles/gs_loader.dir/formats/ply.cpp.o
[55/130] Building CUDA object fastgs/CMakeFiles/fastgs_backend.dir/rasterization/src/forward.cu.o
[56/130] Building CXX object src/loader/CMakeFiles/gs_loader.dir/formats/colmap.cpp.o
[57/130] Scanning /home/shadygm/projects/gaussian-splatting-cuda/src/visualizer/core/main_loop.cpp for CXX dependencies
[58/130] Scanning /home/shadygm/projects/gaussian-splatting-cuda/src/visualizer/core/data_loading_service.cpp for CXX dependencies
[59/130] Scanning /home/shadygm/projects/gaussian-splatting-cuda/src/visualizer/core/command_processor.cpp for CXX dependencies
[60/130] Scanning /home/shadygm/projects/gaussian-splatting-cuda/src/visualizer/core/viewer_state_manager.cpp for CXX dependencies
[61/130] Scanning /home/shadygm/projects/gaussian-splatting-cuda/src/visualizer/tools/crop_box_tool.cpp for CXX dependencies
[62/130] Scanning /home/shadygm/projects/gaussian-splatting-cuda/src/visualizer/window/window_manager.cpp for CXX dependencies
[63/130] Scanning /home/shadygm/projects/gaussian-splatting-cuda/src/visualizer/tools/tool_manager.cpp for CXX dependencies
[64/130] Scanning /home/shadygm/projects/gaussian-splatting-cuda/src/visualizer/rendering/rendering_manager.cpp for CXX dependencies
[65/130] Scanning /home/shadygm/projects/gaussian-splatting-cuda/src/visualizer/rendering/render_bounding_box.cpp for CXX dependencies
[66/130] Scanning /home/shadygm/projects/gaussian-splatting-cuda/src/visualizer/rendering/rendering_pipeline.cpp for CXX dependencies
[67/130] Scanning /home/shadygm/projects/gaussian-splatting-cuda/src/visualizer/gui/gui_manager.cpp for CXX dependencies
[68/130] Scanning /home/shadygm/projects/gaussian-splatting-cuda/src/visualizer/gui/ui_widgets.cpp for CXX dependencies
[69/130] Scanning /home/shadygm/projects/gaussian-splatting-cuda/src/visualizer/gui/panels/training_panel.cpp for CXX dependencies
[70/130] Building CXX object src/loader/CMakeFiles/gs_loader.dir/loaders/ply_loader.cpp.o
[71/130] Scanning /home/shadygm/projects/gaussian-splatting-cuda/src/visualizer/gui/panels/main_panel.cpp for CXX dependencies
[72/130] Scanning /home/shadygm/projects/gaussian-splatting-cuda/src/visualizer/gui/panels/scene_panel.cpp for CXX dependencies
[73/130] Scanning /home/shadygm/projects/gaussian-splatting-cuda/src/visualizer/gui/panels/crop_box_panel.cpp for CXX dependencies
[74/130] Scanning /home/shadygm/projects/gaussian-splatting-cuda/src/visualizer/gui/windows/scripting_console.cpp for CXX dependencies
[75/130] Scanning /home/shadygm/projects/gaussian-splatting-cuda/src/visualizer/gui/windows/camera_controls.cpp for CXX dependencies
[76/130] Scanning /home/shadygm/projects/gaussian-splatting-cuda/src/visualizer/gui/windows/file_browser.cpp for CXX dependencies
[77/130] Scanning /home/shadygm/projects/gaussian-splatting-cuda/src/visualizer/gui/panels/tools_panel.cpp for CXX dependencies
[78/130] Building CXX object src/loader/CMakeFiles/gs_loader.dir/formats/transforms.cpp.o
[79/130] Scanning /home/shadygm/projects/gaussian-splatting-cuda/src/visualizer/input/input_handler.cpp for CXX dependencies
[80/130] Scanning /home/shadygm/projects/gaussian-splatting-cuda/src/visualizer/input/input_manager.cpp for CXX dependencies
[81/130] Scanning /home/shadygm/projects/gaussian-splatting-cuda/src/visualizer/input/camera_controller.cpp for CXX dependencies
[82/130] Scanning /home/shadygm/projects/gaussian-splatting-cuda/src/visualizer/gui/windows/image_preview.cpp for CXX dependencies
[83/130] Scanning /home/shadygm/projects/gaussian-splatting-cuda/src/visualizer/scene/scene.cpp for CXX dependencies
[84/130] Scanning /home/shadygm/projects/gaussian-splatting-cuda/src/visualizer/scene/scene_manager.cpp for CXX dependencies
[85/130] Scanning /home/shadygm/projects/gaussian-splatting-cuda/src/visualizer/training/training_manager.cpp for CXX dependencies
[86/130] Scanning /home/shadygm/projects/gaussian-splatting-cuda/src/visualizer/rendering/cuda_gl_interop.cpp for CXX dependencies
[87/130] Generating CXX dyndep file src/visualizer/CMakeFiles/gs_visualizer.dir/CXX.dd
[88/130] Building CXX object src/loader/CMakeFiles/gs_loader.dir/loaders/colmap_loader.cpp.o
[89/130] Building CXX object src/visualizer/CMakeFiles/gs_visualizer.dir/core/main_loop.cpp.o
[90/130] Building CUDA object fastgs/CMakeFiles/fastgs_backend.dir/rasterization/src/rasterization_api.cu.o
[91/130] Building CXX object src/visualizer/CMakeFiles/gs_visualizer.dir/core/viewer_state_manager.cpp.o
[92/130] Building CUDA object fastgs/CMakeFiles/fastgs_backend.dir/optimizer/src/adam_api.cu.o
[93/130] Linking CUDA static library CMakeFiles/fastgs_backend.dir/cmake_device_link.o
[94/130] Linking CUDA static library fastgs/libfastgs_backend.a
[95/130] Building CXX object src/loader/CMakeFiles/gs_loader.dir/loaders/blender_loader.cpp.o
[96/130] Building CXX object src/visualizer/CMakeFiles/gs_visualizer.dir/window/window_manager.cpp.o
[97/130] Building CXX object src/visualizer/CMakeFiles/gs_visualizer.dir/tools/crop_box_tool.cpp.o
[98/130] Building CXX object src/visualizer/CMakeFiles/gs_visualizer.dir/rendering/render_bounding_box.cpp.o
[99/130] Building CXX object src/visualizer/CMakeFiles/gs_visualizer.dir/visualizer.cpp.o
[100/130] Building CXX object src/visualizer/CMakeFiles/gs_visualizer.dir/core/data_loading_service.cpp.o
[101/130] Building CXX object src/visualizer/CMakeFiles/gs_visualizer.dir/visualizer_impl.cpp.o
[102/130] Building CXX object src/visualizer/CMakeFiles/gs_visualizer.dir/core/command_processor.cpp.o
[103/130] Building CUDA object gsplat/CMakeFiles/gsplat_backend.dir/RasterizeToPixels3DGSBwd.cu.o
[104/130] Building CXX object src/visualizer/CMakeFiles/gs_visualizer.dir/rendering/rendering_pipeline.cpp.o
[105/130] Building CUDA object gsplat/CMakeFiles/gsplat_backend.dir/RasterizeToPixelsFromWorld3DGSBwd.cu.o
[106/130] Building CXX object src/visualizer/CMakeFiles/gs_visualizer.dir/tools/tool_manager.cpp.o
[107/130] Linking CXX static library CMakeFiles/gsplat_backend.dir/cmake_device_link.o
[108/130] Linking CXX static library gsplat/libgsplat_backend.a
[109/130] Linking CXX static library libgaussian_host.a
[110/130] Building CXX object src/visualizer/CMakeFiles/gs_visualizer.dir/gui/windows/scripting_console.cpp.o
[111/130] Building CXX object src/visualizer/CMakeFiles/gs_visualizer.dir/gui/windows/camera_controls.cpp.o
[112/130] Building CXX object src/visualizer/CMakeFiles/gs_visualizer.dir/gui/panels/training_panel.cpp.o
[113/130] Building CXX object src/visualizer/CMakeFiles/gs_visualizer.dir/rendering/rendering_manager.cpp.o
[114/130] Building CXX object src/visualizer/CMakeFiles/gs_visualizer.dir/gui/windows/file_browser.cpp.o
[115/130] Building CXX object src/visualizer/CMakeFiles/gs_visualizer.dir/gui/gui_manager.cpp.o
[116/130] Building CXX object src/visualizer/CMakeFiles/gs_visualizer.dir/input/input_handler.cpp.o
[117/130] Building CXX object src/visualizer/CMakeFiles/gs_visualizer.dir/input/input_manager.cpp.o
[118/130] Building CXX object src/visualizer/CMakeFiles/gs_visualizer.dir/gui/ui_widgets.cpp.o
[119/130] Building CXX object src/visualizer/CMakeFiles/gs_visualizer.dir/input/camera_controller.cpp.o
[120/130] Building CXX object src/visualizer/CMakeFiles/gs_visualizer.dir/gui/panels/main_panel.cpp.o
[121/130] Building CXX object src/visualizer/CMakeFiles/gs_visualizer.dir/gui/panels/crop_box_panel.cpp.o
[122/130] Building CXX object src/visualizer/CMakeFiles/gs_visualizer.dir/gui/panels/tools_panel.cpp.o
[123/130] Building CXX object src/visualizer/CMakeFiles/gs_visualizer.dir/gui/windows/image_preview.cpp.o
[124/130] Building CXX object src/visualizer/CMakeFiles/gs_visualizer.dir/gui/panels/scene_panel.cpp.o
[125/130] Building CXX object src/visualizer/CMakeFiles/gs_visualizer.dir/scene/scene.cpp.o
[126/130] Building CXX object src/visualizer/CMakeFiles/gs_visualizer.dir/rendering/cuda_gl_interop.cpp.o
[127/130] Building CXX object src/visualizer/CMakeFiles/gs_visualizer.dir/scene/scene_manager.cpp.o
[128/130] Building CXX object src/visualizer/CMakeFiles/gs_visualizer.dir/training/training_manager.cpp.o
In file included from /usr/include/c++/14/string:54,
                 from /usr/include/c++/14/bits/locale_classes.h:40,
                 from /usr/include/c++/14/bits/ios_base.h:41,
                 from /usr/include/c++/14/ios:44,
                 from /usr/include/c++/14/istream:40,
                 from /usr/include/c++/14/sstream:40,
                 from /usr/include/c++/14/chrono:45,
                 from /home/shadygm/projects/gaussian-splatting-cuda/include/core/event_bus.hpp:3,
                 from /home/shadygm/projects/gaussian-splatting-cuda/include/core/events.hpp:2,
                 from /home/shadygm/projects/gaussian-splatting-cuda/src/visualizer/training/training_manager.hpp:3,
                 from /home/shadygm/projects/gaussian-splatting-cuda/src/visualizer/training/training_manager.cpp:1:
In member function 'constexpr std::__cxx11::basic_string<_CharT, _Traits, _Alloc>::pointer std::__cxx11::basic_string<_CharT, _Traits, _Alloc>::_M_data() const [with _CharT = char; _Traits = std::char_traits<char>; _Alloc = std::allocator<char>]',
    inlined from 'constexpr bool std::__cxx11::basic_string<_CharT, _Traits, _Alloc>::_M_is_local() const [with _CharT = char; _Traits = std::char_traits<char>; _Alloc = std::allocator<char>]' at /usr/include/c++/14/bits/basic_string.h:269:13,
    inlined from 'constexpr std::__cxx11::basic_string<_CharT, _Traits, _Alloc>::size_type std::__cxx11::basic_string<_CharT, _Traits, _Alloc>::capacity() const [with _CharT = char; _Traits = std::char_traits<char>; _Alloc = std::allocator<char>]' at /usr/include/c++/14/bits/basic_string.h:1182:20,
    inlined from 'constexpr void std::__cxx11::basic_string<_CharT, _Traits, _Alloc>::_M_assign(const std::__cxx11::basic_string<_CharT, _Traits, _Alloc>&) [with _CharT = char; _Traits = std::char_traits<char>; _Alloc = std::allocator<char>]' at /usr/include/c++/14/bits/basic_string.tcc:283:41,
    inlined from 'constexpr std::__cxx11::basic_string<_CharT, _Traits, _Alloc>& std::__cxx11::basic_string<_CharT, _Traits, _Alloc>::assign(const std::__cxx11::basic_string<_CharT, _Traits, _Alloc>&) [with _CharT = char; _Traits = std::char_traits<char>; _Alloc = std::allocator<char>]' at /usr/include/c++/14/bits/basic_string.h:1619:17,
    inlined from 'constexpr std::__cxx11::basic_string<_CharT, _Traits, _Alloc>& std::__cxx11::basic_string<_CharT, _Traits, _Alloc>::operator=(const std::__cxx11::basic_string<_CharT, _Traits, _Alloc>&) [with _CharT = char; _Traits = std::char_traits<char>; _Alloc = std::allocator<char>]' at /usr/include/c++/14/bits/basic_string.h:819:21,
    inlined from 'constexpr std::enable_if_t<((bool)__and_v<std::__not_<std::is_same<std::optional<_Tp>, typename std::remove_cv<typename std::remove_reference<_Iter>::type>::type> >, std::__not_<std::__and_<std::is_scalar<_Tp>, std::is_same<_Tp, typename std::decay<_Up>::type> > >, std::is_constructible<_Tp, _Up>, std::is_assignable<_Tp&, _Up> >), std::optional<_Tp>&> std::optional<_Tp>::operator=(_Up&&) [with _Up = std::__cxx11::basic_string<char>&; _Tp = std::__cxx11::basic_string<char>]' at /usr/include/c++/14/optional:849:21,
    inlined from 'gs::TrainerManager::setupEventHandlers()::<lambda(const auto:112&)> [with auto:112 = gs::events::query::GetTrainerState]' at /home/shadygm/projects/gaussian-splatting-cuda/src/visualizer/training/training_manager.cpp:55:42,
    inlined from 'constexpr _Res std::__invoke_impl(__invoke_other, _Fn&&, _Args&& ...) [with _Res = void; _Fn = gs::TrainerManager::setupEventHandlers()::<lambda(const auto:112&)>&; _Args = {const gs::events::query::GetTrainerState&}]' at /usr/include/c++/14/bits/invoke.h:61:36,
    inlined from 'constexpr std::enable_if_t<((bool)is_invocable_r_v<_Res, _Callable, _Args ...>), _Res> std::__invoke_r(_Callable&&, _Args&& ...) [with _Res = void; _Callable = gs::TrainerManager::setupEventHandlers()::<lambda(const auto:112&)>&; _Args = {const gs::events::query::GetTrainerState&}]' at /usr/include/c++/14/bits/invoke.h:111:28,
    inlined from 'static _Res std::_Function_handler<_Res(_ArgTypes ...), _Functor>::_M_invoke(const std::_Any_data&, _ArgTypes&& ...) [with _Res = void; _Functor = gs::TrainerManager::setupEventHandlers()::<lambda(const auto:112&)>; _ArgTypes = {const gs::events::query::GetTrainerState&}]' at /usr/include/c++/14/bits/std_function.h:290:30:
/usr/include/c++/14/bits/basic_string.h:228:28: warning: '*(const std::__cxx11::basic_string<char, std::char_traits<char>, std::allocator<char> >*)((char*)&response + offsetof(gs::events::query::TrainerState, gs::events::query::TrainerState::error_message.std::optional<std::__cxx11::basic_string<char, std::char_traits<char>, std::allocator<char> > >::<unnamed>.std::_Optional_base<std::__cxx11::basic_string<char, std::char_traits<char>, std::allocator<char> >, false, false>::<unnamed>)).std::__cxx11::basic_string<char>::_M_dataplus.std::__cxx11::basic_string<char>::_Alloc_hider::_M_p' may be used uninitialized [-Wmaybe-uninitialized]
  228 |       { return _M_dataplus._M_p; }
      |                            ^~~~
/home/shadygm/projects/gaussian-splatting-cuda/src/visualizer/training/training_manager.cpp: In static member function 'static _Res std::_Function_handler<_Res(_ArgTypes ...), _Functor>::_M_invoke(const std::_Any_data&, _ArgTypes&& ...) [with _Res = void; _Functor = gs::TrainerManager::setupEventHandlers()::<lambda(const auto:112&)>; _ArgTypes = {const gs::events::query::GetTrainerState&}]':
/home/shadygm/projects/gaussian-splatting-cuda/src/visualizer/training/training_manager.cpp:24:26: note: 'response' declared here
   24 |             TrainerState response;
      |                          ^~~~~~~~
In member function 'constexpr std::__cxx11::basic_string<_CharT, _Traits, _Alloc>::size_type std::__cxx11::basic_string<_CharT, _Traits, _Alloc>::capacity() const [with _CharT = char; _Traits = std::char_traits<char>; _Alloc = std::allocator<char>]',
    inlined from 'constexpr void std::__cxx11::basic_string<_CharT, _Traits, _Alloc>::_M_assign(const std::__cxx11::basic_string<_CharT, _Traits, _Alloc>&) [with _CharT = char; _Traits = std::char_traits<char>; _Alloc = std::allocator<char>]' at /usr/include/c++/14/bits/basic_string.tcc:283:41,
    inlined from 'constexpr std::__cxx11::basic_string<_CharT, _Traits, _Alloc>& std::__cxx11::basic_string<_CharT, _Traits, _Alloc>::assign(const std::__cxx11::basic_string<_CharT, _Traits, _Alloc>&) [with _CharT = char; _Traits = std::char_traits<char>; _Alloc = std::allocator<char>]' at /usr/include/c++/14/bits/basic_string.h:1619:17,
    inlined from 'constexpr std::__cxx11::basic_string<_CharT, _Traits, _Alloc>& std::__cxx11::basic_string<_CharT, _Traits, _Alloc>::operator=(const std::__cxx11::basic_string<_CharT, _Traits, _Alloc>&) [with _CharT = char; _Traits = std::char_traits<char>; _Alloc = std::allocator<char>]' at /usr/include/c++/14/bits/basic_string.h:819:21,
    inlined from 'constexpr std::enable_if_t<((bool)__and_v<std::__not_<std::is_same<std::optional<_Tp>, typename std::remove_cv<typename std::remove_reference<_Iter>::type>::type> >, std::__not_<std::__and_<std::is_scalar<_Tp>, std::is_same<_Tp, typename std::decay<_Up>::type> > >, std::is_constructible<_Tp, _Up>, std::is_assignable<_Tp&, _Up> >), std::optional<_Tp>&> std::optional<_Tp>::operator=(_Up&&) [with _Up = std::__cxx11::basic_string<char>&; _Tp = std::__cxx11::basic_string<char>]' at /usr/include/c++/14/optional:849:21,
    inlined from 'gs::TrainerManager::setupEventHandlers()::<lambda(const auto:112&)> [with auto:112 = gs::events::query::GetTrainerState]' at /home/shadygm/projects/gaussian-splatting-cuda/src/visualizer/training/training_manager.cpp:55:42,
    inlined from 'constexpr _Res std::__invoke_impl(__invoke_other, _Fn&&, _Args&& ...) [with _Res = void; _Fn = gs::TrainerManager::setupEventHandlers()::<lambda(const auto:112&)>&; _Args = {const gs::events::query::GetTrainerState&}]' at /usr/include/c++/14/bits/invoke.h:61:36,
    inlined from 'constexpr std::enable_if_t<((bool)is_invocable_r_v<_Res, _Callable, _Args ...>), _Res> std::__invoke_r(_Callable&&, _Args&& ...) [with _Res = void; _Callable = gs::TrainerManager::setupEventHandlers()::<lambda(const auto:112&)>&; _Args = {const gs::events::query::GetTrainerState&}]' at /usr/include/c++/14/bits/invoke.h:111:28,
    inlined from 'static _Res std::_Function_handler<_Res(_ArgTypes ...), _Functor>::_M_invoke(const std::_Any_data&, _ArgTypes&& ...) [with _Res = void; _Functor = gs::TrainerManager::setupEventHandlers()::<lambda(const auto:112&)>; _ArgTypes = {const gs::events::query::GetTrainerState&}]' at /usr/include/c++/14/bits/std_function.h:290:30:
/usr/include/c++/14/bits/basic_string.h:1182:30: warning: '*(const std::__cxx11::basic_string<char, std::char_traits<char>, std::allocator<char> >*)((char*)&response + offsetof(gs::events::query::TrainerState, gs::events::query::TrainerState::error_message.std::optional<std::__cxx11::basic_string<char, std::char_traits<char>, std::allocator<char> > >::<unnamed>.std::_Optional_base<std::__cxx11::basic_string<char, std::char_traits<char>, std::allocator<char> >, false, false>::<unnamed>)).std::__cxx11::basic_string<char>::<anonymous>.std::__cxx11::basic_string<char>::<unnamed union>::_M_allocated_capacity' may be used uninitialized [-Wmaybe-uninitialized]
 1182 |         return _M_is_local() ? size_type(_S_local_capacity)
      |                ~~~~~~~~~~~~~~^~~~~~~~~~~~~~~~~~~~~~~~~~~~~~
 1183 |                              : _M_allocated_capacity;
      |                              ~~~~~~~~~~~~~~~~~~~~~~~
/home/shadygm/projects/gaussian-splatting-cuda/src/visualizer/training/training_manager.cpp: In static member function 'static _Res std::_Function_handler<_Res(_ArgTypes ...), _Functor>::_M_invoke(const std::_Any_data&, _ArgTypes&& ...) [with _Res = void; _Functor = gs::TrainerManager::setupEventHandlers()::<lambda(const auto:112&)>; _ArgTypes = {const gs::events::query::GetTrainerState&}]':
/home/shadygm/projects/gaussian-splatting-cuda/src/visualizer/training/training_manager.cpp:24:26: note: 'response' declared here
   24 |             TrainerState response;
      |                          ^~~~~~~~
[129/130] Linking CXX executable CMakeFiles/gaussian_splatting_cuda.dir/cmake_device_link.o
[130/130] Linking CXX executable gaussian_splatting_cuda
